\BOOKMARK [0][]{titlepage.0}{\376\377\134\001\227\142}{}% 1
\BOOKMARK [0][]{entitlepage.0}{\376\377\000T\000i\000t\000l\000e\000\040\000p\000a\000g\000e}{}% 2
\BOOKMARK [0][]{ustcchapter.1.0}{\376\377\166\356\137\125}{}% 3
\BOOKMARK [0][]{chapter.1}{\376\377\173\054\0001\172\340\000\040\000\040\135\345\117\134\151\202\121\265}{}% 4
\BOOKMARK [1][-]{section.1.1}{\376\377\0001\000.\0001\000\040\142\200\147\057\147\015\122\241\135\345\117\134\140\305\121\265}{chapter.1}% 5
\BOOKMARK [2][-]{subsection.1.1.1}{\376\377\0001\000.\0001\000.\0001\000\040\136\372\150\143\140\305\121\265}{section.1.1}% 6
\BOOKMARK [2][-]{subsection.1.1.2}{\376\377\0001\000.\0001\000.\0002\000\040\150\300\147\345\116\272\145\160}{section.1.1}% 7
\BOOKMARK [2][-]{subsection.1.1.3}{\376\377\0001\000.\0001\000.\0003\000\040\230\316\226\151\213\304\117\060\140\305\121\265}{section.1.1}% 8
\BOOKMARK [2][-]{subsection.1.1.4}{\376\377\0001\000.\0001\000.\0004\000\040\213\241\122\022\140\000\133\125\116\214\200\316\153\324\117\213}{section.1.1}% 9
\BOOKMARK [1][-]{section.1.2}{\376\377\0001\000.\0002\000\040\226\217\213\277\173\241\164\006\135\345\117\134\140\305\121\265}{chapter.1}% 10
\BOOKMARK [2][-]{subsection.1.2.1}{\376\377\0001\000.\0002\000.\0001\000\040\145\351\133\125\226\217\213\277\140\305\121\265}{section.1.2}% 11
\BOOKMARK [2][-]{subsection.1.2.2}{\376\377\0001\000.\0002\000.\0002\000\040\131\212\132\040\176\323\134\100\226\217\213\277\140\305\121\265}{section.1.2}% 12
\BOOKMARK [2][-]{subsection.1.2.3}{\376\377\0001\000.\0002\000.\0003\000\040\123\302\150\300\116\272\177\244\0001\136\164\131\212\132\040\163\207}{section.1.2}% 13
\BOOKMARK [2][-]{subsection.1.2.4}{\376\377\0001\000.\0002\000.\0004\000\040\116\015\202\157\176\323\134\100\176\337\213\241}{section.1.2}% 14
\BOOKMARK [0][]{chapter.2}{\376\377\173\054\0002\172\340\000\040\000\040\135\362\133\214\142\020\166\204\126\376}{}% 15
\BOOKMARK [0][]{chapter.3}{\376\377\173\054\0003\172\340\000\040\000\040\141\142\165\305\230\316\226\151\126\340\175\040}{}% 16
\BOOKMARK [1][-]{section.3.1}{\376\377\0003\000.\0001\000\040\141\142\140\047\165\305\201\352\142\245\140\243\165\305\140\305\121\265}{chapter.3}% 17
\BOOKMARK [1][-]{section.3.2}{\376\377\0003\000.\0002\000\040\141\142\140\047\165\305\166\370\121\163\155\113\221\317\143\007\150\007\150\300\155\113\140\305\121\265}{chapter.3}% 18
\BOOKMARK [2][-]{subsection.3.2.1}{\376\377\0003\000.\0002\000.\0001\000\040\210\100\123\213\155\113\221\317\116\016\232\330\210\100\123\213}{section.3.2}% 19
\BOOKMARK [2][-]{subsection.3.2.2}{\376\377\0003\000.\0002\000.\0002\000\040\210\100\174\326\150\300\155\113\116\016\174\326\134\077\165\305\122\035\173\133\137\002\136\070}{section.3.2}% 20
\BOOKMARK [2][-]{subsection.3.2.3}{\376\377\0003\000.\0002\000.\0003\000\040\117\303\165\062\162\266\201\172\157\300\175\040\150\300\155\113\137\002\136\070}{section.3.2}% 21
\BOOKMARK [2][-]{subsection.3.2.4}{\376\377\0003\000.\0002\000.\0004\000\040\214\067\116\031\217\154\154\050\221\166\150\300\155\113\116\016\200\235\122\237\200\375\137\002\136\070}{section.3.2}% 22
\BOOKMARK [2][-]{subsection.3.2.5}{\376\377\0003\000.\0002\000.\0005\000\040\200\214\221\120\150\300\155\113\116\016\200\276\122\237\200\375\137\002\136\070}{section.3.2}% 23
