2018-03-19 19:18:49.011542 select count(*) from yunqianjianchabiao_2017 where archive_code like '4403%' and input_date_archive_ymd between '2017-01-01' and '2017-12-31' and (risk_population is not null) and iscomplete_ea =2
2018-03-19 19:18:49.015050 'NoneType' object has no attribute 'cursor'
2018-03-19 19:18:49.072703 select count(*) from yunqianjianchabiao_2017 where archive_code like '440309%' and input_date_archive_ymd between '2017-01-01' and '2017-12-31' and (risk_population is null) and iscomplete_ea =2
2018-03-19 19:18:49.075711 'NoneType' object has no attribute 'cursor'
2018-03-19 19:18:49.132863 select count(*) from yunqianjianchabiao_2017 where archive_code like '440309%' and input_date_archive_ymd between '2017-01-01' and '2017-12-31' and (risk_population is not null) and iscomplete_ea =2
2018-03-19 19:18:49.136372 'NoneType' object has no attribute 'cursor'
2018-03-21 15:06:10.455305 select count(*) from yunqianjianchabiao_2017 where archive_code like '4403%' and input_date_archive_ymd between '2017-01-01' and '2017-12-31' and (risk_population is not null) and iscomplete_ea =2
2018-03-21 15:06:10.470813 None
2018-03-21 15:06:10.564556 select count(*) from yunqianjianchabiao_2017 where archive_code like '440309%' and input_date_archive_ymd between '2017-01-01' and '2017-12-31' and (risk_population is null) and iscomplete_ea =2
2018-03-21 15:06:10.564556 None
2018-03-21 15:06:10.642688 select count(*) from yunqianjianchabiao_2017 where archive_code like '440309%' and input_date_archive_ymd between '2017-01-01' and '2017-12-31' and (risk_population is not null) and iscomplete_ea =2
2018-03-21 15:06:10.642688 None
2018-03-21 16:51:06.507279 select count(*) from yunqianjianchabiao_2016,zaoyunsuifangbiao_2016 where yunqianjianchabiao_2016.archive_code like '440309%' and yunqianjianchabiao_2016.evaluate_time between '2016-01-01' and '2016-12-31' and (zaoyunsuifangbiao_2016.archive_code = yunqianjianchabiao_2016.archive_code and zaoyunsuifangbiao_2016.last_menstrual_date - yunqianjianchabiao_2016.input_date_archive_ymd between -30 and 365)
480
2018-03-21 16:51:06.507279 select count(*) from yunqianjianchabiao_2016,zaoyunsuifangbiao_2016 where yunqianjianchabiao_2015.archive_code like '440309%' and yunqianjianchabiao_2015.evaluate_time between '2016-01-01' and '2016-12-31'
None
2018-03-22 17:14:19.251586 select count(*) from yunqianjianchabiao_2017,zaoyunsuifangbiao_2017 where yunqianjianchabiao_2017.county_code like '440309%' and yunqianjianchabiao_2017.evaluate_time between '2017-01-01' and '2017-12-31' and (zaoyunsuifangbiao_2017.archive_code = yunqianjianchabiao_2017.archive_code and zaoyunsuifangbiao_2017.last_menstrual_date - yunqianjianchabiao_2017.input_date_archive_ymd between -30 and 365)
324
2018-03-22 17:15:06.754918 select count(*) from yunqianjianchabiao_2017,zaoyunsuifangbiao_2017 where yunqianjianchabiao_2017.county_code like '440309%' and yunqianjianchabiao_2017.evaluate_time between '2017-01-01' and '2017-12-31' and zaoyunsuifangbiao_2017.archive_code = yunqianjianchabiao_2017.archive_code
1760
2018-03-22 17:18:26.420922 select count(*) from yunqianjianchabiao_2017,zaoyunsuifangbiao_2017 where yunqianjianchabiao_2017.county_code like '440309%' and yunqianjianchabiao_2017.evaluate_time between '2017-01-01' and '2017-12-31' and (zaoyunsuifangbiao_2017.archive_code = yunqianjianchabiao_2017.archive_code and zaoyunsuifangbiao_2017.last_menstrual_date - yunqianjianchabiao_2017.input_date_archive_ymd between -30 and 365)
324
2018-03-22 17:21:10.058042 select count(*) from yunqianjianchabiao_2017,zaoyunsuifangbiao_2017 where yunqianjianchabiao_2017.county_code like '440309%' and yunqianjianchabiao_2017.evaluate_time between '2017-01-01' and '2017-12-31' and (zaoyunsuifangbiao_2017.archive_code = yunqianjianchabiao_2017.archive_code and zaoyunsuifangbiao_2017.last_menstrual_date - yunqianjianchabiao_2017.input_date_archive_ymd between -30 and 365)
324
2018-03-22 17:22:45.320388 select count(*) from yunqianjianchabiao_2016,zaoyunsuifangbiao_2016 where yunqianjianchabiao_2016.county_code like '440309%' and yunqianjianchabiao_2016.evaluate_time between '2016-01-01' and '2016-12-31'
531692928
2018-03-22 17:25:05.022920 select count(*) from yunqianjianchabiao_2017,zaoyunsuifangbiao_2017 where yunqianjianchabiao_2017.county_code like '440305%' and yunqianjianchabiao_2017.evaluate_time between '2017-01-01' and '2017-12-31' and (zaoyunsuifangbiao_2017.archive_code = yunqianjianchabiao_2017.archive_code and zaoyunsuifangbiao_2017.last_menstrual_date - yunqianjianchabiao_2017.input_date_archive_ymd between -30 and 365)
754
2018-03-22 17:33:05.487694 select count(*) from yunqianjianchabiao_2016,zaoyunsuifangbiao_2016 where yunqianjianchabiao_2016.county_code like '440305%' and yunqianjianchabiao_2016.evaluate_time between '2016-01-01' and '2016-12-31'
2781695553
2018-03-22 17:33:24.798050 select count(*) from yunqianjianchabiao_2017,zaoyunsuifangbiao_2017 where yunqianjianchabiao_2017.county_code like '440310%' and yunqianjianchabiao_2017.evaluate_time between '2017-01-01' and '2017-12-31' and (zaoyunsuifangbiao_2017.archive_code = yunqianjianchabiao_2017.archive_code and zaoyunsuifangbiao_2017.last_menstrual_date - yunqianjianchabiao_2017.input_date_archive_ymd between -30 and 365)
110
2018-03-22 17:35:17.010499 select count(*) from yunqianjianchabiao_2016,zaoyunsuifangbiao_2016 where yunqianjianchabiao_2016.county_code like '440310%' and yunqianjianchabiao_2016.evaluate_time between '2016-01-01' and '2016-12-31'
642000749
2018-03-22 17:35:23.286164 select count(*) from yunqianjianchabiao_2017,zaoyunsuifangbiao_2017 where yunqianjianchabiao_2017.county_code like '440312%' and yunqianjianchabiao_2017.evaluate_time between '2017-01-01' and '2017-12-31' and (zaoyunsuifangbiao_2017.archive_code = yunqianjianchabiao_2017.archive_code and zaoyunsuifangbiao_2017.last_menstrual_date - yunqianjianchabiao_2017.input_date_archive_ymd between -30 and 365)
26
2018-03-22 17:35:53.520570 select count(*) from yunqianjianchabiao_2016,zaoyunsuifangbiao_2016 where yunqianjianchabiao_2016.county_code like '440312%' and yunqianjianchabiao_2016.evaluate_time between '2016-01-01' and '2016-12-31'
162923267
2018-03-22 17:40:43.200961 select count(*) from yunqianjianchabiao_2017,zaoyunsuifangbiao_2017 where yunqianjianchabiao_2017.county_code like '440306%' and yunqianjianchabiao_2017.evaluate_time between '2017-01-01' and '2017-12-31' and (zaoyunsuifangbiao_2017.archive_code = yunqianjianchabiao_2017.archive_code and zaoyunsuifangbiao_2017.last_menstrual_date - yunqianjianchabiao_2017.input_date_archive_ymd between -30 and 365)
1281
2018-03-22 18:35:01.262648 select count(*) from yunqianjianchabiao_2017,zaoyunsuifangbiao_2017 where yunqianjianchabiao_2017.county_code like '440309%' and yunqianjianchabiao_2017.evaluate_time between '2017-01-01' and '2017-12-31' and (zaoyunsuifangbiao_2017.archive_code = yunqianjianchabiao_2017.archive_code and zaoyunsuifangbiao_2017.last_menstrual_date - yunqianjianchabiao_2017.input_date_archive_ymd between -30 and 365)
324
2018-03-22 18:39:35.906610 select count(*) from yunqianjianchabiao_2017,zaoyunsuifangbiao_2017 where yunqianjianchabiao_2017.county_code like '440309%' and yunqianjianchabiao_2017.evaluate_time between '2017-01-01' and '2017-12-31' and (zaoyunsuifangbiao_2017.archive_code = yunqianjianchabiao_2017.archive_code and zaoyunsuifangbiao_2017.last_menstrual_date - yunqianjianchabiao_2017.input_date_archive_ymd between -30 and 365)
324
2018-03-22 18:41:19.309207 select count(*) from yunqianjianchabiao_2017,zaoyunsuifangbiao_2017 where yunqianjianchabiao_2017.county_code like '440309%' and yunqianjianchabiao_2017.evaluate_time between '2017-01-01' and '2017-12-31' and (zaoyunsuifangbiao_2017.archive_code = yunqianjianchabiao_2017.archive_code and zaoyunsuifangbiao_2017.last_menstrual_date - yunqianjianchabiao_2017.input_date_archive_ymd between -30 and 365)
324
2018-03-22 18:43:40.188997 select count(*) from yunqianjianchabiao_2017,zaoyunsuifangbiao_2017 where yunqianjianchabiao_2017.county_code like '440305%' and yunqianjianchabiao_2017.evaluate_time between '2017-01-01' and '2017-12-31' and (zaoyunsuifangbiao_2017.archive_code = yunqianjianchabiao_2017.archive_code and zaoyunsuifangbiao_2017.last_menstrual_date - yunqianjianchabiao_2017.input_date_archive_ymd between -30 and 365)
754
2018-03-22 18:44:01.572866 select count(*) from yunqianjianchabiao_2017,zaoyunsuifangbiao_2017 where yunqianjianchabiao_2017.county_code like '440310%' and yunqianjianchabiao_2017.evaluate_time between '2017-01-01' and '2017-12-31' and (zaoyunsuifangbiao_2017.archive_code = yunqianjianchabiao_2017.archive_code and zaoyunsuifangbiao_2017.last_menstrual_date - yunqianjianchabiao_2017.input_date_archive_ymd between -30 and 365)
110
2018-03-22 18:44:09.681431 select count(*) from yunqianjianchabiao_2017,zaoyunsuifangbiao_2017 where yunqianjianchabiao_2017.county_code like '440312%' and yunqianjianchabiao_2017.evaluate_time between '2017-01-01' and '2017-12-31' and (zaoyunsuifangbiao_2017.archive_code = yunqianjianchabiao_2017.archive_code and zaoyunsuifangbiao_2017.last_menstrual_date - yunqianjianchabiao_2017.input_date_archive_ymd between -30 and 365)
26
2018-03-22 18:49:10.429335 select count(*) from yunqianjianchabiao_2017,zaoyunsuifangbiao_2017 where yunqianjianchabiao_2017.county_code like '440306%' and yunqianjianchabiao_2017.evaluate_time between '2017-01-01' and '2017-12-31' and (zaoyunsuifangbiao_2017.archive_code = yunqianjianchabiao_2017.archive_code and zaoyunsuifangbiao_2017.last_menstrual_date - yunqianjianchabiao_2017.input_date_archive_ymd between -30 and 365)
1281
2018-03-22 18:49:23.851536 select count(*) from yunqianjianchabiao_2017,zaoyunsuifangbiao_2017 where yunqianjianchabiao_2017.county_code like '440308%' and yunqianjianchabiao_2017.evaluate_time between '2017-01-01' and '2017-12-31' and (zaoyunsuifangbiao_2017.archive_code = yunqianjianchabiao_2017.archive_code and zaoyunsuifangbiao_2017.last_menstrual_date - yunqianjianchabiao_2017.input_date_archive_ymd between -30 and 365)
71
2018-03-22 18:54:13.466311 select count(*) from yunqianjianchabiao_2017,zaoyunsuifangbiao_2017 where yunqianjianchabiao_2017.county_code like '440304%' and yunqianjianchabiao_2017.evaluate_time between '2017-01-01' and '2017-12-31' and (zaoyunsuifangbiao_2017.archive_code = yunqianjianchabiao_2017.archive_code and zaoyunsuifangbiao_2017.last_menstrual_date - yunqianjianchabiao_2017.input_date_archive_ymd between -30 and 365)
2279
2018-03-22 18:56:05.473188 select count(*) from yunqianjianchabiao_2017,zaoyunsuifangbiao_2017 where yunqianjianchabiao_2017.county_code like '440303%' and yunqianjianchabiao_2017.evaluate_time between '2017-01-01' and '2017-12-31' and (zaoyunsuifangbiao_2017.archive_code = yunqianjianchabiao_2017.archive_code and zaoyunsuifangbiao_2017.last_menstrual_date - yunqianjianchabiao_2017.input_date_archive_ymd between -30 and 365)
522
2018-03-22 18:59:01.381007 select count(*) from yunqianjianchabiao_2017,zaoyunsuifangbiao_2017 where yunqianjianchabiao_2017.county_code like '440311%' and yunqianjianchabiao_2017.evaluate_time between '2017-01-01' and '2017-12-31' and (zaoyunsuifangbiao_2017.archive_code = yunqianjianchabiao_2017.archive_code and zaoyunsuifangbiao_2017.last_menstrual_date - yunqianjianchabiao_2017.input_date_archive_ymd between -30 and 365)
712
2018-03-22 19:01:12.477651 select count(*) from yunqianjianchabiao_2017,zaoyunsuifangbiao_2017 where yunqianjianchabiao_2017.county_code like '440307%' and yunqianjianchabiao_2017.evaluate_time between '2017-01-01' and '2017-12-31' and (zaoyunsuifangbiao_2017.archive_code = yunqianjianchabiao_2017.archive_code and zaoyunsuifangbiao_2017.last_menstrual_date - yunqianjianchabiao_2017.input_date_archive_ymd between -30 and 365)
896
2018-03-22 19:20:57.728552 select count(*) from yunqianjianchabiao_2017,zaoyunsuifangbiao_2017 where yunqianjianchabiao_2017.county_code like '4403%' and yunqianjianchabiao_2017.evaluate_time between '2017-01-01' and '2017-12-31' and (zaoyunsuifangbiao_2017.archive_code = yunqianjianchabiao_2017.archive_code and zaoyunsuifangbiao_2017.last_menstrual_date - yunqianjianchabiao_2017.input_date_archive_ymd between -30 and 365)
6975
