select count(*) from exam where service_code like '4403%' and service_time between '2015-01-01' and '2015-12-31'
unorderable types: int() > str()
select count(*) from exam where service_code like '4403%' and complete=1 and service_time between '2015-01-01' and '2015-12-31'
unorderable types: int() > str()
select count(*) from exam where service_code like '4403%' and complete!=1 and service_time between '2015-01-01' and '2015-12-31'
unorderable types: int() > str()
select count(*) from exam where service_code like '4403%' and complete=1 and service_time between '2015-01-01' and '2015-12-31'
unorderable types: int() > str()
select count(*) from exam where service_code like '4403%' and service_time between '2015-01-01' and '2015-12-31'
unorderable types: int() > str()
select count(*) from exam where service_code like '4403%' and has_content=4 and service_time between '2015-01-01' and '2015-12-31'
unorderable types: int() > str()
select count(*) from exam where service_code like '4403%' and has_content is not null and service_time between '2015-01-01' and '2015-12-31'
unorderable types: int() > str()
select count(*) from exam where service_code like '4403%' and has_content=2 and service_time between '2015-01-01' and '2015-12-31'
unorderable types: int() > str()
select count(*) from exam where service_code like '4403%' and has_content is not null and service_time between '2015-01-01' and '2015-12-31'
unorderable types: int() > str()
select count(*) from exam where service_code like '4403%' and has_content=3 and service_time between '2015-01-01' and '2015-12-31'
unorderable types: int() > str()
select count(*) from exam where service_code like '4403%' and has_content is not null and service_time between '2015-01-01' and '2015-12-31'
unorderable types: int() > str()
select count(*) from exam where service_code like '4403%' and has_content between 3 and 4 and service_time between '2015-01-01' and '2015-12-31'
unorderable types: int() > str()
select count(*) from exam where service_code like '4403%' and (has_content=2 or has_content=4) and service_time between '2015-01-01' and '2015-12-31'
unorderable types: int() > str()
select count(*) from exam where service_code like '4403%' and has_content between 3 and 4 and service_time between '2015-01-01' and '2015-12-31'
unorderable types: int() > str()
select count(*) from exam where service_code like '4403%' and (has_content=2 or has_content=4 and service_time between '2015-01-01' and '2015-12-31')
unorderable types: int() > str()
select count(*) from exam where service_code like '4403%' and complete=1 and service_time between '2015-01-01' and '2015-12-31'
unorderable types: int() > str()
select count(*) from exam where service_code like '4403%' and dangr_obj=0 and service_time between '2015-01-01' and '2015-12-31'
unorderable types: int() > str()
select count(*) from exam where service_code like '4403%' and complete=1 and service_time between '2015-01-01' and '2015-12-31'
unorderable types: int() > str()
select count(*) from exam where service_code like '4403%' and dangr_obj between 1 and 3 and service_time between '2015-01-01' and '2015-12-31'
unorderable types: int() > str()
select count(*) from exam where service_code like '4403%' and complete=1 and service_time between '2015-01-01' and '2015-12-31'
unorderable types: int() > str()
select count(*) from exam where service_code like '4403%' and dangr_obj = 2 and service_time between '2015-01-01' and '2015-12-31'
unorderable types: int() > str()
select count(*) from exam where service_code like '4403%' and complete=1 and service_time between '2015-01-01' and '2015-12-31'
unorderable types: int() > str()
select count(*) from exam where service_code like '4403%' and dangr_obj = 1 and service_time between '2015-01-01' and '2015-12-31'
unorderable types: int() > str()
select count(*) from exam where service_code like '4403%' and complete=1 and service_time between '2015-01-01' and '2015-12-31'
unorderable types: int() > str()
select count(*) from exam where service_code like '4403%' and dangr_obj = 3 and service_time between '2015-01-01' and '2015-12-31'
unorderable types: int() > str()
select count(*) from exam where service_code like '4403%' and complete=1 and service_time between '2015-01-01' and '2015-12-31'
unorderable types: int() > str()
select count(*) from exam where service_code like '4403%' and complete = 1 and live_birth_num = 0 and service_time between '2015-01-01' and '2015-12-31'
unorderable types: int() > str()
select count(*) from exam where service_code like '4403%' and complete = 1 and live_birth_num is not null and service_time between '2015-01-01' and '2015-12-31'
unorderable types: int() > str()
select count(*) from exam where service_code like '4403%' and complete = 1 and live_birth_num = 1 and service_time between '2015-01-01' and '2015-12-31'
unorderable types: int() > str()
select count(*) from exam where service_code like '4403%' and complete = 1 and live_birth_num is not null and service_time between '2015-01-01' and '2015-12-31'
unorderable types: int() > str()
select count(*) from exam where service_code like '4403%' and complete = 1 and live_birth_num >= 2 and service_time between '2015-01-01' and '2015-12-31'
unorderable types: int() > str()
select count(*) from exam where service_code like '4403%' and complete = 1 and live_birth_num is not null and service_time between '2015-01-01' and '2015-12-31'
unorderable types: int() > str()
select count(*) from exam where service_code like '4403%' and complete = 1 and live_birth_num = 1 and service_time between '2014-01-01' and '2014-12-31'
unorderable types: int() > str()
select count(*) from exam where service_code like '4403%' and complete = 1 and live_birth_num is not NULL and service_time between '2014-01-01' and '2014-12-31'
unorderable types: int() > str()
select count(*) from early where service_code like '4403%' and followup_time between '2015-01-01' and '2015-12-31'
unorderable types: int() > str()
select count(*) from early where service_code like '4403%' and yncomplete = 1 and followup_time between '2015-01-01' and '2015-12-31'
unorderable types: int() > str()
select count(*) from early where service_code like '4403%' and losefollowup = 1 and followup_time between '2015-01-01' and '2015-12-31'
unorderable types: int() > str()
select count(*) from early where service_code like '4403%' and losefollowup = 1
unorderable types: int() > str()
select count(*) from early where service_code like '4403%' and yncomplete = 1
unorderable types: int() > str()
select count(*) from early where service_code like '4403%' and yncomplete = 0
unorderable types: int() > str()
select count(*) from early where service_code like '4403%' and yncomplete = 0 and bresult != 1 and hcg != 1
unorderable types: int() > str()
select count(*) from early where service_code like '4403%' and yncomplete = 0
unorderable types: int() > str()
select count(*)from outcome where service_code like '4403%' and followup_time between '2015-01-01' and '2015-12-31'
unorderable types: int() > str()
select count(*)from outcome where service_code like '4403%' and followup_time between '2015-01-01' and '2015-12-31' and yncomplete = 1
unorderable types: int() > str()
select count(*)from outcome where service_code like '4403%' and followup_time between '2015-01-01' and '2015-12-31' and losefollowup = 1
unorderable types: int() > str()
select count(*)from outcome where service_code like '4403%' and followup_time between '2015-01-01' and '2015-12-31' and losefollowup = 1
unorderable types: int() > str()
select count(*)from outcome where service_code like '4403%' and followup_time between '2015-01-01' and '2015-12-31' and yncomplete = 1
unorderable types: int() > str()
select count(*)from outcome where service_code like '4403%' and followup_time between '2015-01-01' and '2015-12-31' and yncomplete = 0
unorderable types: int() > str()
select count(*)from outcome where service_code like '4403%' and followup_time between '2015-01-01' and '2015-12-31' and yncomplete = 0 and follow_result='未分娩'
unorderable types: int() > str()
select count(*)from outcome where service_code like '4403%' and followup_time between '2015-01-01' and '2015-12-31' and yncomplete = 0
unorderable types: int() > str()
select count(*) from exam, early where exam.service_code like '4403%' and exam.complete_date between '2015-01-01' and '2015-12-31' and early.service_code = exam.service_code and early.mens_time - exam.service_time between -30 and 365
unorderable types: int() > str()
select count(*) from exam where service_code like '4403%' and complete_date between '2015-01-01' and '2015-12-31'
unorderable types: int() > str()
select count(*) from exam, early where exam.service_code like '4403%' and exam.complete_date between '2014-01-01' and '2014-12-31' and early.service_code = exam.service_code and early.mens_time - exam.service_time between -30 and 365
unorderable types: int() > str()
select count(*) from exam where service_code like '4403%' and complete_date between '2014-01-01' and '2014-12-31'
unorderable types: int() > str()
select count(*) from outcome where service_code like '4403%' and followup_time between '2015-01-01' and '2015-12-31' and yncomplete = 1 and normalpre = 1
unorderable types: int() > str()
select count(*) from outcome where  service_code like '4403%' and followup_time between '2015-01-01' and '2015-12-31' and yncomplete = 1 and normalpre = 1
unorderable types: int() > str()
select count(*) from outcome where  service_code like '4403%' and followup_time between '2015-01-01' and '2015-12-31' and yncomplete = 1
unorderable types: int() > str()
select count(*) from outcome where  service_code like '4403%' and followup_time between '2015-01-01' and '2015-12-31' and yncomplete = 1 and normalpre = 1
unorderable types: int() > str()
select count(*) from outcome where  service_code like '4403%' and followup_time between '2015-01-01' and '2015-12-31' and yncomplete = 1
unorderable types: int() > str()
select natrualpre,lower_weight,medicinepre,bornfault,earlypre,treatpre,differentpre,deathpre,qitapre,count(*) as x from outcome WHERE service_code like "4403%" and (natrualpre=1 or lower_weight=1 or medicinepre=1 or bornfault=1 or earlypre=1 or treatpre=1 or differentpre or deathpre=1 or qitapre=1) and followup_time between '2015-01-01' and '2015-12-31' group by natrualpre,lower_weight,medicinepre,bornfault,earlypre,treatpre,differentpre,deathpre,qitapre order by x desc
unorderable types: int() > str()
select natrualpre,lower_weight,medicinepre,bornfault,earlypre,treatpre,differentpre,deathpre,qitapre,count(*) as x from outcome WHERE service_code like "4403%" and (natrualpre=1 or lower_weight=1 or medicinepre=1 or bornfault=1 or earlypre=1 or treatpre=1 or differentpre or deathpre=1 or qitapre=1) and followup_time between '2015-01-01' and '2015-12-31' group by natrualpre,lower_weight,medicinepre,bornfault,earlypre,treatpre,differentpre,deathpre,qitapre order by x desc limit 1
unorderable types: int() > str()
select count(*) from outcome where  service_code like '4403%' and followup_time between '2015-01-01' and '2015-12-31' and yncomplete = 1
unorderable types: int() > str()
select natrualpre,lower_weight,medicinepre,bornfault,earlypre,treatpre,differentpre,deathpre,qitapre,count(*) as x from outcome WHERE service_code like "4403%" and (natrualpre=1 or lower_weight=1 or medicinepre=1 or bornfault=1 or earlypre=1 or treatpre=1 or differentpre or deathpre=1 or qitapre=1) and followup_time between '2015-01-01' and '2015-12-31' group by natrualpre,lower_weight,medicinepre,bornfault,earlypre,treatpre,differentpre,deathpre,qitapre order by x desc limit 1, 1
unorderable types: int() > str()
select count(*) from outcome where  service_code like '4403%' and followup_time between '2015-01-01' and '2015-12-31' and yncomplete = 1
unorderable types: int() > str()
select natrualpre,lower_weight,medicinepre,bornfault,earlypre,treatpre,differentpre,deathpre,qitapre,count(*) as x from outcome WHERE service_code like "4403%" and (natrualpre=1 or lower_weight=1 or medicinepre=1 or bornfault=1 or earlypre=1 or treatpre=1 or differentpre or deathpre=1 or qitapre=1) and followup_time between '2015-01-01' and '2015-12-31' group by natrualpre,lower_weight,medicinepre,bornfault,earlypre,treatpre,differentpre,deathpre,qitapre order by x desc limit 2, 1
unorderable types: int() > str()
select count(*) from outcome where  service_code like '4403%' and followup_time between '2015-01-01' and '2015-12-31' and yncomplete = 1
unorderable types: int() > str()
select count(*) from exam where service_code like '4403%' and service_time between '2015-01-01' and '2015-12-31'
'>' not supported between instances of 'int' and 'str'
select count(*) from exam where service_code like '4403%' and complete=1 and service_time between '2015-01-01' and '2015-12-31'
'>' not supported between instances of 'int' and 'str'
select count(*) from exam where service_code like '4403%' and complete!=1 and service_time between '2015-01-01' and '2015-12-31'
'>' not supported between instances of 'int' and 'str'
select count(*) from exam where service_code like '4403%' and complete=1 and service_time between '2015-01-01' and '2015-12-31'
'>' not supported between instances of 'int' and 'str'
select count(*) from exam where service_code like '4403%' and service_time between '2015-01-01' and '2015-12-31'
'>' not supported between instances of 'int' and 'str'
select count(*) from exam where service_code like '4403%' and has_content=4 and service_time between '2015-01-01' and '2015-12-31'
'>' not supported between instances of 'int' and 'str'
select count(*) from exam where service_code like '4403%' and has_content is not null and service_time between '2015-01-01' and '2015-12-31'
'>' not supported between instances of 'int' and 'str'
select count(*) from exam where service_code like '4403%' and has_content=2 and service_time between '2015-01-01' and '2015-12-31'
'>' not supported between instances of 'int' and 'str'
select count(*) from exam where service_code like '4403%' and has_content is not null and service_time between '2015-01-01' and '2015-12-31'
'>' not supported between instances of 'int' and 'str'
select count(*) from exam where service_code like '4403%' and has_content=3 and service_time between '2015-01-01' and '2015-12-31'
'>' not supported between instances of 'int' and 'str'
select count(*) from exam where service_code like '4403%' and has_content is not null and service_time between '2015-01-01' and '2015-12-31'
'>' not supported between instances of 'int' and 'str'
select count(*) from exam where service_code like '4403%' and has_content between 3 and 4 and service_time between '2015-01-01' and '2015-12-31'
'>' not supported between instances of 'int' and 'str'
select count(*) from exam where service_code like '4403%' and (has_content=2 or has_content=4) and service_time between '2015-01-01' and '2015-12-31'
'>' not supported between instances of 'int' and 'str'
select count(*) from exam where service_code like '4403%' and has_content between 3 and 4 and service_time between '2015-01-01' and '2015-12-31'
'>' not supported between instances of 'int' and 'str'
select count(*) from exam where service_code like '4403%' and (has_content=2 or has_content=4 and service_time between '2015-01-01' and '2015-12-31')
'>' not supported between instances of 'int' and 'str'
select count(*) from exam where service_code like '4403%' and complete=1 and service_time between '2015-01-01' and '2015-12-31'
'>' not supported between instances of 'int' and 'str'
select count(*) from exam where service_code like '4403%' and dangr_obj=0 and service_time between '2015-01-01' and '2015-12-31'
'>' not supported between instances of 'int' and 'str'
select count(*) from exam where service_code like '4403%' and complete=1 and service_time between '2015-01-01' and '2015-12-31'
'>' not supported between instances of 'int' and 'str'
select count(*) from exam where service_code like '4403%' and dangr_obj between 1 and 3 and service_time between '2015-01-01' and '2015-12-31'
'>' not supported between instances of 'int' and 'str'
select count(*) from exam where service_code like '4403%' and complete=1 and service_time between '2015-01-01' and '2015-12-31'
'>' not supported between instances of 'int' and 'str'
select count(*) from exam where service_code like '4403%' and dangr_obj = 2 and service_time between '2015-01-01' and '2015-12-31'
'>' not supported between instances of 'int' and 'str'
select count(*) from exam where service_code like '4403%' and complete=1 and service_time between '2015-01-01' and '2015-12-31'
'>' not supported between instances of 'int' and 'str'
select count(*) from exam where service_code like '4403%' and dangr_obj = 1 and service_time between '2015-01-01' and '2015-12-31'
'>' not supported between instances of 'int' and 'str'
select count(*) from exam where service_code like '4403%' and complete=1 and service_time between '2015-01-01' and '2015-12-31'
'>' not supported between instances of 'int' and 'str'
select count(*) from exam where service_code like '4403%' and dangr_obj = 3 and service_time between '2015-01-01' and '2015-12-31'
'>' not supported between instances of 'int' and 'str'
select count(*) from exam where service_code like '4403%' and complete=1 and service_time between '2015-01-01' and '2015-12-31'
'>' not supported between instances of 'int' and 'str'
select count(*) from exam where service_code like '4403%' and complete = 1 and live_birth_num = 0 and service_time between '2015-01-01' and '2015-12-31'
'>' not supported between instances of 'int' and 'str'
select count(*) from exam where service_code like '4403%' and complete = 1 and live_birth_num is not null and service_time between '2015-01-01' and '2015-12-31'
'>' not supported between instances of 'int' and 'str'
select count(*) from exam where service_code like '4403%' and complete = 1 and live_birth_num = 1 and service_time between '2015-01-01' and '2015-12-31'
'>' not supported between instances of 'int' and 'str'
select count(*) from exam where service_code like '4403%' and complete = 1 and live_birth_num is not null and service_time between '2015-01-01' and '2015-12-31'
'>' not supported between instances of 'int' and 'str'
select count(*) from exam where service_code like '4403%' and complete = 1 and live_birth_num >= 2 and service_time between '2015-01-01' and '2015-12-31'
'>' not supported between instances of 'int' and 'str'
select count(*) from exam where service_code like '4403%' and complete = 1 and live_birth_num is not null and service_time between '2015-01-01' and '2015-12-31'
'>' not supported between instances of 'int' and 'str'
select count(*) from exam where service_code like '4403%' and complete = 1 and live_birth_num = 1 and service_time between '2014-01-01' and '2014-12-31'
'>' not supported between instances of 'int' and 'str'
select count(*) from exam where service_code like '4403%' and complete = 1 and live_birth_num is not NULL and service_time between '2014-01-01' and '2014-12-31'
'>' not supported between instances of 'int' and 'str'
select count(*) from early where service_code like '4403%' and followup_time between '2015-01-01' and '2015-12-31'
'>' not supported between instances of 'int' and 'str'
select count(*) from early where service_code like '4403%' and yncomplete = 1 and followup_time between '2015-01-01' and '2015-12-31'
'>' not supported between instances of 'int' and 'str'
select count(*) from early where service_code like '4403%' and losefollowup = 1 and followup_time between '2015-01-01' and '2015-12-31'
'>' not supported between instances of 'int' and 'str'
select count(*) from early where service_code like '4403%' and losefollowup = 1
'>' not supported between instances of 'int' and 'str'
select count(*) from early where service_code like '4403%' and yncomplete = 1
'>' not supported between instances of 'int' and 'str'
select count(*) from early where service_code like '4403%' and yncomplete = 0
'>' not supported between instances of 'int' and 'str'
select count(*) from early where service_code like '4403%' and yncomplete = 0 and bresult != 1 and hcg != 1
'>' not supported between instances of 'int' and 'str'
select count(*) from early where service_code like '4403%' and yncomplete = 0
'>' not supported between instances of 'int' and 'str'
select count(*)from outcome where service_code like '4403%' and followup_time between '2015-01-01' and '2015-12-31'
'>' not supported between instances of 'int' and 'str'
select count(*)from outcome where service_code like '4403%' and followup_time between '2015-01-01' and '2015-12-31' and yncomplete = 1
'>' not supported between instances of 'int' and 'str'
select count(*)from outcome where service_code like '4403%' and followup_time between '2015-01-01' and '2015-12-31' and losefollowup = 1
'>' not supported between instances of 'int' and 'str'
select count(*)from outcome where service_code like '4403%' and followup_time between '2015-01-01' and '2015-12-31' and losefollowup = 1
'>' not supported between instances of 'int' and 'str'
select count(*)from outcome where service_code like '4403%' and followup_time between '2015-01-01' and '2015-12-31' and yncomplete = 1
'>' not supported between instances of 'int' and 'str'
select count(*)from outcome where service_code like '4403%' and followup_time between '2015-01-01' and '2015-12-31' and yncomplete = 0
'>' not supported between instances of 'int' and 'str'
select count(*)from outcome where service_code like '4403%' and followup_time between '2015-01-01' and '2015-12-31' and yncomplete = 0 and follow_result='未分娩'
'>' not supported between instances of 'int' and 'str'
select count(*)from outcome where service_code like '4403%' and followup_time between '2015-01-01' and '2015-12-31' and yncomplete = 0
'>' not supported between instances of 'int' and 'str'
select count(*) from exam, early where exam.service_code like '4403%' and exam.complete_date between '2015-01-01' and '2015-12-31' and early.service_code = exam.service_code and early.mens_time - exam.service_time between -30 and 365
'>' not supported between instances of 'int' and 'str'
select count(*) from exam where service_code like '4403%' and complete_date between '2015-01-01' and '2015-12-31'
'>' not supported between instances of 'int' and 'str'
select count(*) from exam, early where exam.service_code like '4403%' and exam.complete_date between '2014-01-01' and '2014-12-31' and early.service_code = exam.service_code and early.mens_time - exam.service_time between -30 and 365
'>' not supported between instances of 'int' and 'str'
select count(*) from exam where service_code like '4403%' and complete_date between '2014-01-01' and '2014-12-31'
'>' not supported between instances of 'int' and 'str'
select count(*) from outcome where service_code like '4403%' and followup_time between '2015-01-01' and '2015-12-31' and yncomplete = 1 and normalpre = 1
'>' not supported between instances of 'int' and 'str'
select count(*) from exam where service_code like '4403%' and service_time between '2015-01-01' and '2015-12-31'
'>' not supported between instances of 'int' and 'str'
select count(*) from exam where service_code like '4403%' and complete=1 and service_time between '2015-01-01' and '2015-12-31'
'>' not supported between instances of 'int' and 'str'
select count(*) from exam where service_code like '4403%' and complete!=1 and service_time between '2015-01-01' and '2015-12-31'
'>' not supported between instances of 'int' and 'str'
select count(*) from exam where service_code like '4403%' and complete=1 and service_time between '2015-01-01' and '2015-12-31'
'>' not supported between instances of 'int' and 'str'
select count(*) from exam where service_code like '4403%' and service_time between '2015-01-01' and '2015-12-31'
'>' not supported between instances of 'int' and 'str'
select count(*) from exam where service_code like '4403%' and has_content=4 and service_time between '2015-01-01' and '2015-12-31'
'>' not supported between instances of 'int' and 'str'
select count(*) from exam where service_code like '4403%' and has_content is not null and service_time between '2015-01-01' and '2015-12-31'
'>' not supported between instances of 'int' and 'str'
select count(*) from exam where service_code like '4403%' and has_content=2 and service_time between '2015-01-01' and '2015-12-31'
'>' not supported between instances of 'int' and 'str'
select count(*) from exam where service_code like '4403%' and has_content is not null and service_time between '2015-01-01' and '2015-12-31'
'>' not supported between instances of 'int' and 'str'
select count(*) from exam where service_code like '4403%' and has_content=3 and service_time between '2015-01-01' and '2015-12-31'
'>' not supported between instances of 'int' and 'str'
select count(*) from exam where service_code like '4403%' and has_content is not null and service_time between '2015-01-01' and '2015-12-31'
'>' not supported between instances of 'int' and 'str'
select count(*) from exam where service_code like '4403%' and has_content between 3 and 4 and service_time between '2015-01-01' and '2015-12-31'
'>' not supported between instances of 'int' and 'str'
select count(*) from exam where service_code like '4403%' and (has_content=2 or has_content=4) and service_time between '2015-01-01' and '2015-12-31'
'>' not supported between instances of 'int' and 'str'
select count(*) from exam where service_code like '4403%' and has_content between 3 and 4 and service_time between '2015-01-01' and '2015-12-31'
'>' not supported between instances of 'int' and 'str'
select count(*) from exam where service_code like '4403%' and (has_content=2 or has_content=4 and service_time between '2015-01-01' and '2015-12-31')
'>' not supported between instances of 'int' and 'str'
select count(*) from exam where service_code like '4403%' and complete=1 and service_time between '2015-01-01' and '2015-12-31'
'>' not supported between instances of 'int' and 'str'
select count(*) from exam where service_code like '4403%' and dangr_obj=0 and service_time between '2015-01-01' and '2015-12-31'
'>' not supported between instances of 'int' and 'str'
select count(*) from exam where service_code like '4403%' and complete=1 and service_time between '2015-01-01' and '2015-12-31'
'>' not supported between instances of 'int' and 'str'
select count(*) from exam where service_code like '4403%' and dangr_obj between 1 and 3 and service_time between '2015-01-01' and '2015-12-31'
'>' not supported between instances of 'int' and 'str'
select count(*) from exam where service_code like '4403%' and complete=1 and service_time between '2015-01-01' and '2015-12-31'
'>' not supported between instances of 'int' and 'str'
select count(*) from exam where service_code like '4403%' and dangr_obj = 2 and service_time between '2015-01-01' and '2015-12-31'
'>' not supported between instances of 'int' and 'str'
select count(*) from exam where service_code like '4403%' and complete=1 and service_time between '2015-01-01' and '2015-12-31'
'>' not supported between instances of 'int' and 'str'
select count(*) from exam where service_code like '4403%' and dangr_obj = 1 and service_time between '2015-01-01' and '2015-12-31'
'>' not supported between instances of 'int' and 'str'
select count(*) from exam where service_code like '4403%' and complete=1 and service_time between '2015-01-01' and '2015-12-31'
'>' not supported between instances of 'int' and 'str'
select count(*) from exam where service_code like '4403%' and dangr_obj = 3 and service_time between '2015-01-01' and '2015-12-31'
'>' not supported between instances of 'int' and 'str'
select count(*) from exam where service_code like '4403%' and complete=1 and service_time between '2015-01-01' and '2015-12-31'
'>' not supported between instances of 'int' and 'str'
select count(*) from exam where service_code like '4403%' and complete = 1 and live_birth_num = 0 and service_time between '2015-01-01' and '2015-12-31'
'>' not supported between instances of 'int' and 'str'
select count(*) from exam where service_code like '4403%' and complete = 1 and live_birth_num is not null and service_time between '2015-01-01' and '2015-12-31'
'>' not supported between instances of 'int' and 'str'
select count(*) from exam where service_code like '4403%' and complete = 1 and live_birth_num = 1 and service_time between '2015-01-01' and '2015-12-31'
'>' not supported between instances of 'int' and 'str'
select count(*) from exam where service_code like '4403%' and complete = 1 and live_birth_num is not null and service_time between '2015-01-01' and '2015-12-31'
'>' not supported between instances of 'int' and 'str'
select count(*) from exam where service_code like '4403%' and complete = 1 and live_birth_num >= 2 and service_time between '2015-01-01' and '2015-12-31'
'>' not supported between instances of 'int' and 'str'
select count(*) from exam where service_code like '4403%' and complete = 1 and live_birth_num is not null and service_time between '2015-01-01' and '2015-12-31'
'>' not supported between instances of 'int' and 'str'
select count(*) from exam where service_code like '4403%' and complete = 1 and live_birth_num = 1 and service_time between '2014-01-01' and '2014-12-31'
'>' not supported between instances of 'int' and 'str'
select count(*) from exam where service_code like '4403%' and complete = 1 and live_birth_num is not NULL and service_time between '2014-01-01' and '2014-12-31'
'>' not supported between instances of 'int' and 'str'
select count(*) from early where service_code like '4403%' and followup_time between '2015-01-01' and '2015-12-31'
'>' not supported between instances of 'int' and 'str'
select count(*) from early where service_code like '4403%' and yncomplete = 1 and followup_time between '2015-01-01' and '2015-12-31'
'>' not supported between instances of 'int' and 'str'
select count(*) from early where service_code like '4403%' and losefollowup = 1 and followup_time between '2015-01-01' and '2015-12-31'
'>' not supported between instances of 'int' and 'str'
select count(*) from early where service_code like '4403%' and losefollowup = 1
'>' not supported between instances of 'int' and 'str'
select count(*) from early where service_code like '4403%' and yncomplete = 1
'>' not supported between instances of 'int' and 'str'
select count(*) from early where service_code like '4403%' and yncomplete = 0
'>' not supported between instances of 'int' and 'str'
select count(*) from early where service_code like '4403%' and yncomplete = 0 and bresult != 1 and hcg != 1
'>' not supported between instances of 'int' and 'str'
select count(*) from early where service_code like '4403%' and yncomplete = 0
'>' not supported between instances of 'int' and 'str'
select count(*)from outcome where service_code like '4403%' and followup_time between '2015-01-01' and '2015-12-31'
'>' not supported between instances of 'int' and 'str'
select count(*)from outcome where service_code like '4403%' and followup_time between '2015-01-01' and '2015-12-31' and yncomplete = 1
'>' not supported between instances of 'int' and 'str'
select count(*)from outcome where service_code like '4403%' and followup_time between '2015-01-01' and '2015-12-31' and losefollowup = 1
'>' not supported between instances of 'int' and 'str'
select count(*)from outcome where service_code like '4403%' and followup_time between '2015-01-01' and '2015-12-31' and losefollowup = 1
'>' not supported between instances of 'int' and 'str'
select count(*)from outcome where service_code like '4403%' and followup_time between '2015-01-01' and '2015-12-31' and yncomplete = 1
'>' not supported between instances of 'int' and 'str'
select count(*)from outcome where service_code like '4403%' and followup_time between '2015-01-01' and '2015-12-31' and yncomplete = 0
'>' not supported between instances of 'int' and 'str'
select count(*)from outcome where service_code like '4403%' and followup_time between '2015-01-01' and '2015-12-31' and yncomplete = 0 and follow_result='未分娩'
'>' not supported between instances of 'int' and 'str'
select count(*)from outcome where service_code like '4403%' and followup_time between '2015-01-01' and '2015-12-31' and yncomplete = 0
'>' not supported between instances of 'int' and 'str'
select count(*) from exam, early where exam.service_code like '4403%' and exam.complete_date between '2015-01-01' and '2015-12-31' and early.service_code = exam.service_code and early.mens_time - exam.service_time between -30 and 365
'>' not supported between instances of 'int' and 'str'
select count(*) from exam where service_code like '4403%' and complete_date between '2015-01-01' and '2015-12-31'
'>' not supported between instances of 'int' and 'str'
select count(*) from exam, early where exam.service_code like '4403%' and exam.complete_date between '2014-01-01' and '2014-12-31' and early.service_code = exam.service_code and early.mens_time - exam.service_time between -30 and 365
'>' not supported between instances of 'int' and 'str'
select count(*) from exam where service_code like '4403%' and complete_date between '2014-01-01' and '2014-12-31'
'>' not supported between instances of 'int' and 'str'
select count(*) from outcome where service_code like '4403%' and followup_time between '2015-01-01' and '2015-12-31' and yncomplete = 1 and normalpre = 1
'>' not supported between instances of 'int' and 'str'
select count(*) from exam where service_code like "4403%" and service_time between "2015-01-01" and "2015-12-31"
'>' not supported between instances of 'int' and 'str'
select count(*) from exam where service_code like "4403%" and complete=1 and service_time between "2015-01-01" and "2015-12-31"
'>' not supported between instances of 'int' and 'str'
select count(*) from exam where service_code like "4403%" and complete!=1 and service_time between "2015-01-01" and "2015-12-31"
'>' not supported between instances of 'int' and 'str'
select count(*) from exam where service_code like "4403%" and service_time between "2015-01-01" and "2015-12-31"
'>' not supported between instances of 'int' and 'str'
select count(*) from exam where service_code like "4403%" and complete=1 and service_time between "2015-01-01" and "2015-12-31"
select natrualpre,lower_weight,medicinepre,bornfault,earlypre,treatpre,differentpre,deathpre,qitapre,count(*) as x from outcome WHERE service_code like '4403%' and (natrualpre=1 or lower_weight=1 or medicinepre=1 or bornfault=1 or earlypre=1 or treatpre=1 or differentpre or deathpre=1 or qitapre=1) and followup_time between '2015-01-01' and '2015-12-31' group by natrualpre,lower_weight,medicinepre,bornfault,earlypre,treatpre,differentpre,deathpre,qitapre order by x desc
tuple index out of range
